<?xml version="1.0" encoding="UTF-8"?>
<!-- Generated by org.testng.reporters.JUnitReportReporter -->
<testsuite skipped="0" hostname="mohammads-MBP.home" name="test.Test_NG_Demo" tests="1" failures="0" timestamp="2020-03-31T15:08:06 EDT" time="62.864" errors="0">
  <testcase name="googelSearch" time="62.864" classname="test.Test_NG_Demo"/>
  <system-out/>
</testsuite> <!-- test.Test_NG_Demo -->
